<?xml version="1.0" encoding="UTF-8"?>
<testng-results ignored="0" total="3" passed="2" failed="1" skipped="0">
  <reporter-output>
  </reporter-output>
  <suite started-at="2022-01-05T14:51:28 CST" name="Ebanking" finished-at="2022-01-05T14:51:47 CST" duration-ms="18882">
    <groups>
    </groups>
    <test started-at="2022-01-05T14:51:28 CST" name="Banking_Test" finished-at="2022-01-05T14:51:47 CST" duration-ms="18882">
      <class name="com.EbankingTestCase.DDT_Demo">
        <test-method is-config="true" signature="setup(java.lang.String)[pri:0, instance:com.EbankingTestCase.DDT_Demo@25d250c6]" started-at="2022-01-05T14:51:28 CST" name="setup" finished-at="2022-01-05T14:51:33 CST" duration-ms="4989" status="PASS">
          <params>
            <param index="0">
              <value>
                <![CDATA[chrome]]>
              </value>
            </param>
          </params>
          <reporter-output>
          </reporter-output>
        </test-method> <!-- setup -->
        <test-method signature="ddt_Login(java.lang.String, java.lang.String)[pri:0, instance:com.EbankingTestCase.DDT_Demo@25d250c6]" started-at="2022-01-05T14:51:34 CST" name="ddt_Login" data-provider="LoginData" finished-at="2022-01-05T14:51:38 CST" duration-ms="3113" status="PASS">
          <params>
            <param index="0">
              <value>
                <![CDATA[mngr378016]]>
              </value>
            </param>
            <param index="1">
              <value>
                <![CDATA[tEnebYb]]>
              </value>
            </param>
          </params>
          <reporter-output>
          </reporter-output>
        </test-method> <!-- ddt_Login -->
        <test-method signature="ddt_Login(java.lang.String, java.lang.String)[pri:0, instance:com.EbankingTestCase.DDT_Demo@25d250c6]" started-at="2022-01-05T14:51:38 CST" name="ddt_Login" data-provider="LoginData" finished-at="2022-01-05T14:51:40 CST" duration-ms="2069" status="FAIL">
          <params>
            <param index="0">
              <value>
                <![CDATA[mngr367670]]>
              </value>
            </param>
            <param index="1">
              <value>
                <![CDATA[usezgsA]]>
              </value>
            </param>
          </params>
          <exception class="org.openqa.selenium.UnhandledAlertException">
            <message>
              <![CDATA[unexpected alert open: {Alert text : User or Password is not valid}
  (Session info: chrome=96.0.4664.110): User or Password is not valid
Build info: version: '3.141.59', revision: 'e82be7d358', time: '2018-11-14T08:17:03'
System info: host: 'DESKTOP-Q0O44GO', ip: '192.168.1.5', os.name: 'Windows 10', os.arch: 'amd64', os.version: '10.0', java.version: '14.0.2'
Driver info: org.openqa.selenium.chrome.ChromeDriver
Capabilities {acceptInsecureCerts: false, browserName: chrome, browserVersion: 96.0.4664.110, chrome: {chromedriverVersion: 96.0.4664.45 (76e4c1bb2ab46..., userDataDir: C:\Users\bafka\AppData\Loca...}, goog:chromeOptions: {debuggerAddress: localhost:51920}, javascriptEnabled: true, networkConnectionEnabled: false, pageLoadStrategy: normal, platform: WINDOWS, platformName: WINDOWS, proxy: Proxy(), setWindowRect: true, strictFileInteractability: false, timeouts: {implicit: 0, pageLoad: 300000, script: 30000}, unhandledPromptBehavior: dismiss and notify, webauthn:extension:credBlob: true, webauthn:extension:largeBlob: true, webauthn:virtualAuthenticators: true}
Session ID: 88218e6ead9ec94737eac5089f89d6bb
*** Element info: {Using=xpath, value=/html/body/div[3]/div/ul/li[15]/a}]]>
            </message>
            <full-stacktrace>
              <![CDATA[org.openqa.selenium.UnhandledAlertException: unexpected alert open: {Alert text : User or Password is not valid}
  (Session info: chrome=96.0.4664.110): User or Password is not valid
Build info: version: '3.141.59', revision: 'e82be7d358', time: '2018-11-14T08:17:03'
System info: host: 'DESKTOP-Q0O44GO', ip: '192.168.1.5', os.name: 'Windows 10', os.arch: 'amd64', os.version: '10.0', java.version: '14.0.2'
Driver info: org.openqa.selenium.chrome.ChromeDriver
Capabilities {acceptInsecureCerts: false, browserName: chrome, browserVersion: 96.0.4664.110, chrome: {chromedriverVersion: 96.0.4664.45 (76e4c1bb2ab46..., userDataDir: C:\Users\bafka\AppData\Loca...}, goog:chromeOptions: {debuggerAddress: localhost:51920}, javascriptEnabled: true, networkConnectionEnabled: false, pageLoadStrategy: normal, platform: WINDOWS, platformName: WINDOWS, proxy: Proxy(), setWindowRect: true, strictFileInteractability: false, timeouts: {implicit: 0, pageLoad: 300000, script: 30000}, unhandledPromptBehavior: dismiss and notify, webauthn:extension:credBlob: true, webauthn:extension:largeBlob: true, webauthn:virtualAuthenticators: true}
Session ID: 88218e6ead9ec94737eac5089f89d6bb
*** Element info: {Using=xpath, value=/html/body/div[3]/div/ul/li[15]/a}
at org.openqa.selenium.remote.http.W3CHttpResponseCodec.decode(W3CHttpResponseCodec.java:120)
at org.openqa.selenium.remote.http.W3CHttpResponseCodec.decode(W3CHttpResponseCodec.java:49)
at org.openqa.selenium.remote.HttpCommandExecutor.execute(HttpCommandExecutor.java:158)
at org.openqa.selenium.remote.service.DriverCommandExecutor.execute(DriverCommandExecutor.java:83)
at org.openqa.selenium.remote.RemoteWebDriver.execute(RemoteWebDriver.java:552)
at org.openqa.selenium.remote.RemoteWebDriver.findElement(RemoteWebDriver.java:323)
at org.openqa.selenium.remote.RemoteWebDriver.findElementByXPath(RemoteWebDriver.java:428)
at org.openqa.selenium.By$ByXPath.findElement(By.java:353)
at org.openqa.selenium.remote.RemoteWebDriver.findElement(RemoteWebDriver.java:315)
at org.openqa.selenium.support.pagefactory.DefaultElementLocator.findElement(DefaultElementLocator.java:69)
at org.openqa.selenium.support.pagefactory.internal.LocatingElementHandler.invoke(LocatingElementHandler.java:38)
at com.sun.proxy.$Proxy15.click(Unknown Source)
at com.EbankingPageObjects.EBankingObjectPage.clickLogOut(EBankingObjectPage.java:107)
at com.EbankingTestCase.DDT_Demo.ddt_Login(DDT_Demo.java:30)
at java.base/jdk.internal.reflect.NativeMethodAccessorImpl.invoke0(Native Method)
at java.base/jdk.internal.reflect.NativeMethodAccessorImpl.invoke(NativeMethodAccessorImpl.java:62)
at java.base/jdk.internal.reflect.DelegatingMethodAccessorImpl.invoke(DelegatingMethodAccessorImpl.java:43)
at java.base/java.lang.reflect.Method.invoke(Method.java:564)
at org.testng.internal.MethodInvocationHelper.invokeMethod(MethodInvocationHelper.java:133)
at org.testng.internal.TestInvoker.invokeMethod(TestInvoker.java:584)
at org.testng.internal.TestInvoker.invokeTestMethod(TestInvoker.java:172)
at org.testng.internal.MethodRunner.runInSequence(MethodRunner.java:46)
at org.testng.internal.TestInvoker$MethodInvocationAgent.invoke(TestInvoker.java:804)
at org.testng.internal.TestInvoker.invokeTestMethods(TestInvoker.java:145)
at org.testng.internal.TestMethodWorker.invokeTestMethods(TestMethodWorker.java:146)
at org.testng.internal.TestMethodWorker.run(TestMethodWorker.java:128)
at java.base/java.util.ArrayList.forEach(ArrayList.java:1511)
at org.testng.TestRunner.privateRun(TestRunner.java:770)
at org.testng.TestRunner.run(TestRunner.java:591)
at org.testng.SuiteRunner.runTest(SuiteRunner.java:402)
at org.testng.SuiteRunner.runSequentially(SuiteRunner.java:396)
at org.testng.SuiteRunner.privateRun(SuiteRunner.java:355)
at org.testng.SuiteRunner.run(SuiteRunner.java:304)
at org.testng.SuiteRunnerWorker.runSuite(SuiteRunnerWorker.java:53)
at org.testng.SuiteRunnerWorker.run(SuiteRunnerWorker.java:96)
at org.testng.TestNG.runSuitesSequentially(TestNG.java:1180)
at org.testng.TestNG.runSuitesLocally(TestNG.java:1102)
at org.testng.TestNG.runSuites(TestNG.java:1032)
at org.testng.TestNG.run(TestNG.java:1000)
at org.testng.remote.AbstractRemoteTestNG.run(AbstractRemoteTestNG.java:115)
at org.testng.remote.RemoteTestNG.initAndRun(RemoteTestNG.java:251)
at org.testng.remote.RemoteTestNG.main(RemoteTestNG.java:77)
]]>
            </full-stacktrace>
          </exception> <!-- org.openqa.selenium.UnhandledAlertException -->
          <reporter-output>
          </reporter-output>
        </test-method> <!-- ddt_Login -->
        <test-method signature="ddt_Login(java.lang.String, java.lang.String)[pri:0, instance:com.EbankingTestCase.DDT_Demo@25d250c6]" started-at="2022-01-05T14:51:40 CST" name="ddt_Login" data-provider="LoginData" finished-at="2022-01-05T14:51:45 CST" duration-ms="5024" status="PASS">
          <params>
            <param index="0">
              <value>
                <![CDATA[mngr378016]]>
              </value>
            </param>
            <param index="1">
              <value>
                <![CDATA[tEnebYb]]>
              </value>
            </param>
          </params>
          <reporter-output>
          </reporter-output>
        </test-method> <!-- ddt_Login -->
        <test-method is-config="true" signature="teardown()[pri:0, instance:com.EbankingTestCase.DDT_Demo@25d250c6]" started-at="2022-01-05T14:51:45 CST" name="teardown" finished-at="2022-01-05T14:51:47 CST" duration-ms="2025" status="PASS">
          <reporter-output>
          </reporter-output>
        </test-method> <!-- teardown -->
      </class> <!-- com.EbankingTestCase.DDT_Demo -->
    </test> <!-- Banking_Test -->
  </suite> <!-- Ebanking -->
</testng-results>
